0 verbose cli /usr/local/bin/node /usr/local/bin/npm
1 info using npm@8.19.4
2 info using node@v16.20.2
3 timing npm:load:whichnode Completed in 1ms
4 timing config:load:defaults Completed in 1ms
5 timing config:load:file:/usr/local/lib/node_modules/npm/npmrc Completed in 1ms
6 timing config:load:builtin Completed in 1ms
7 warn config production Use `--omit=dev` instead.
8 timing config:load:cli Completed in 2ms
9 timing config:load:env Completed in 0ms
10 timing config:load:file:/data/.npmrc Completed in 6ms
11 timing config:load:project Completed in 7ms
12 timing config:load:file:/usr/src/node-red/.npmrc Completed in 0ms
13 timing config:load:user Completed in 1ms
14 timing config:load:file:/usr/local/etc/npmrc Completed in 1ms
15 timing config:load:global Completed in 1ms
16 timing config:load:validate Completed in 0ms
17 timing config:load:credentials Completed in 1ms
18 timing config:load:setEnvs Completed in 1ms
19 timing config:load Completed in 16ms
20 timing npm:load:configload Completed in 16ms
21 timing npm:load:mkdirpcache Completed in 4ms
22 timing npm:load:mkdirplogs Completed in 5ms
23 verbose title npm install node-red-contrib-influxdb@0.7.0
24 verbose argv "install" "--no-audit" "--no-update-notifier" "--no-fund" "--save" "--save-prefix" "~" "--production" "--engine-strict" "node-red-contrib-influxdb@0.7.0"
25 timing npm:load:setTitle Completed in 1ms
26 timing config:load:flatten Completed in 1ms
27 timing npm:load:display Completed in 2ms
28 verbose logfile logs-max:10 dir:/data/.npm/_logs
29 verbose logfile /data/.npm/_logs/2024-01-22T19_07_45_944Z-debug-0.log
30 timing npm:load:logFile Completed in 47ms
31 timing npm:load:timers Completed in 0ms
32 timing npm:load:configScope Completed in 0ms
33 timing npm:load Completed in 79ms
34 timing arborist:ctor Completed in 0ms
35 silly logfile done cleaning log files
36 timing arborist:ctor Completed in 0ms
37 timing idealTree:init Completed in 21ms
38 timing idealTree:userRequests Completed in 5ms
39 silly idealTree buildDeps
40 silly fetch manifest node-red-contrib-influxdb@0.7.0
41 http fetch GET 200 https://registry.npmjs.org/node-red-contrib-influxdb 1188ms (cache miss)
42 silly placeDep ROOT node-red-contrib-influxdb@0.7.0 OK for: node-red-project@0.0.1 want: 0.7.0
43 silly fetch manifest influx@~5.9.3
44 silly fetch manifest @influxdata/influxdb-client@~1.33.2
45 silly fetch manifest lodash@~4.17.21
46 http fetch GET 200 https://registry.npmjs.org/lodash 271ms (cache miss)
47 http fetch GET 200 https://registry.npmjs.org/influx 914ms (cache miss)
48 http fetch GET 200 https://registry.npmjs.org/@influxdata%2finfluxdb-client 2051ms (cache miss)
49 timing idealTree:#root Completed in 3281ms
50 silly placeDep ROOT @influxdata/influxdb-client@1.33.2 OK for: node-red-contrib-influxdb@0.7.0 want: ~1.33.2
51 silly placeDep ROOT influx@5.9.3 OK for: node-red-contrib-influxdb@0.7.0 want: ~5.9.3
52 silly placeDep ROOT lodash@4.17.21 OK for: node-red-contrib-influxdb@0.7.0 want: ~4.17.21
53 timing idealTree:node_modules/node-red-contrib-influxdb Completed in 11ms
54 timing idealTree:node_modules/@influxdata/influxdb-client Completed in 0ms
55 timing idealTree:node_modules/influx Completed in 0ms
56 timing idealTree:node_modules/lodash Completed in 0ms
57 timing idealTree:buildDeps Completed in 3300ms
58 timing idealTree:fixDepFlags Completed in 0ms
59 timing idealTree Completed in 3330ms
60 timing reify:loadTrees Completed in 3332ms
61 timing reify:diffTrees Completed in 1ms
62 silly reify moves {}
63 timing reify:retireShallow Completed in 2ms
64 timing reify:createSparse Completed in 24ms
65 timing reify:trashOmits Completed in 0ms
66 timing reify:loadBundles Completed in 0ms
67 silly tarball no local data for lodash@https://registry.npmjs.org/lodash/-/lodash-4.17.21.tgz. Extracting by manifest.
68 silly tarball no local data for @influxdata/influxdb-client@https://registry.npmjs.org/@influxdata/influxdb-client/-/influxdb-client-1.33.2.tgz. Extracting by manifest.
69 silly tarball no local data for influx@https://registry.npmjs.org/influx/-/influx-5.9.3.tgz. Extracting by manifest.
70 silly tarball no local data for node-red-contrib-influxdb@https://registry.npmjs.org/node-red-contrib-influxdb/-/node-red-contrib-influxdb-0.7.0.tgz. Extracting by manifest.
71 http fetch GET 200 https://registry.npmjs.org/node-red-contrib-influxdb/-/node-red-contrib-influxdb-0.7.0.tgz 590ms (cache miss)
72 timing reifyNode:node_modules/node-red-contrib-influxdb Completed in 631ms
73 http fetch GET 200 https://registry.npmjs.org/influx/-/influx-5.9.3.tgz 797ms (cache miss)
74 timing reifyNode:node_modules/influx Completed in 833ms
75 http fetch GET 200 https://registry.npmjs.org/@influxdata/influxdb-client/-/influxdb-client-1.33.2.tgz 1314ms (cache miss)
76 timing reifyNode:node_modules/@influxdata/influxdb-client Completed in 1340ms
77 http fetch GET 200 https://registry.npmjs.org/lodash/-/lodash-4.17.21.tgz 5007ms (cache miss)
78 timing reifyNode:node_modules/lodash Completed in 5033ms
79 timing reify:unpack Completed in 5033ms
80 timing reify:unretire Completed in 0ms
81 timing build:queue Completed in 2ms
82 timing build:deps Completed in 5ms
83 timing build Completed in 6ms
84 timing reify:build Completed in 7ms
85 timing reify:trash Completed in 0ms
86 timing reify:save Completed in 13ms
87 timing reify Completed in 8430ms
88 silly ADD node_modules/lodash
89 silly ADD node_modules/influx
90 silly ADD node_modules/@influxdata/influxdb-client
91 silly ADD node_modules/node-red-contrib-influxdb
92 timing command:install Completed in 8438ms
93 verbose exit 0
94 timing npm Completed in 8609ms
95 info ok
